# JRE version: OpenJDK Runtime Environment AdoptOpenJDK (11.0.10+9) (build 11.0.10+9)
# Java VM: OpenJDK 64-Bit Server VM AdoptOpenJDK (11.0.10+9, mixed mode, tiered, compressed oops, g1 gc, windows-amd64)
Heap:
 garbage-first heap   total 456704K, used 254123K [0x0000000700e00000, 0x0000000800000000)
  region size 1024K, 112 young (114688K), 11 survivors (11264K)
 Metaspace       used 43941K, capacity 46126K, committed 46280K, reserved 1089536K
  class space    used 5843K, capacity 6776K, committed 6860K, reserved 1048576K
GC Heap History (20 events):
Event: 0.929 GC heap before
{Heap before GC invocations=1 (full 0):
 garbage-first heap   total 262144K, used 17662K [0x0000000700e00000, 0x0000000800000000)
  region size 1024K, 15 young (15360K), 3 survivors (3072K)
 Metaspace       used 19301K, capacity 19832K, committed 20096K, reserved 1067008K
  class space    used 2370K, capacity 2596K, committed 2688K, reserved 1048576K
}
Event: 0.931 GC heap after
{Heap after GC invocations=2 (full 0):
 garbage-first heap   total 262144K, used 7150K [0x0000000700e00000, 0x0000000800000000)
  region size 1024K, 2 young (2048K), 2 survivors (2048K)
 Metaspace       used 19301K, capacity 19832K, committed 20096K, reserved 1067008K
  class space    used 2370K, capacity 2596K, committed 2688K, reserved 1048576K
}
Event: 0.978 GC heap before
{Heap before GC invocations=2 (full 0):
 garbage-first heap   total 262144K, used 12270K [0x0000000700e00000, 0x0000000800000000)
  region size 1024K, 9 young (9216K), 2 survivors (2048K)
 Metaspace       used 20525K, capacity 21180K, committed 21248K, reserved 1067008K
  class space    used 2521K, capacity 2793K, committed 2816K, reserved 1048576K
}
Event: 0.980 GC heap after
{Heap after GC invocations=3 (full 0):
 garbage-first heap   total 262144K, used 7511K [0x0000000700e00000, 0x0000000800000000)
  region size 1024K, 3 young (3072K), 3 survivors (3072K)
 Metaspace       used 20525K, capacity 21180K, committed 21248K, reserved 1067008K
  class space    used 2521K, capacity 2793K, committed 2816K, reserved 1048576K
}
Event: 1.993 GC heap before
{Heap before GC invocations=4 (full 0):
 garbage-first heap   total 262144K, used 52567K [0x0000000700e00000, 0x0000000800000000)
  region size 1024K, 48 young (49152K), 3 survivors (3072K)
 Metaspace       used 34715K, capacity 36474K, committed 36476K, reserved 1081344K
  class space    used 4858K, capacity 5630K, committed 5632K, reserved 1048576K
}
Event: 1.999 GC heap after
{Heap after GC invocations=5 (full 0):
 garbage-first heap   total 262144K, used 12943K [0x0000000700e00000, 0x0000000800000000)
  region size 1024K, 7 young (7168K), 7 survivors (7168K)
 Metaspace       used 34715K, capacity 36474K, committed 36476K, reserved 1081344K
  class space    used 4858K, capacity 5630K, committed 5632K, reserved 1048576K
}
Event: 2.682 GC heap before
{Heap before GC invocations=6 (full 0):
 garbage-first heap   total 262144K, used 163471K [0x0000000700e00000, 0x0000000800000000)
  region size 1024K, 153 young (156672K), 7 survivors (7168K)
 Metaspace       used 40605K, capacity 42720K, committed 42952K, reserved 1085440K
  class space    used 5632K, capacity 6523K, committed 6604K, reserved 1048576K
}
Event: 2.694 GC heap after
{Heap after GC invocations=7 (full 0):
 garbage-first heap   total 262144K, used 28289K [0x0000000700e00000, 0x0000000800000000)
  region size 1024K, 20 young (20480K), 20 survivors (20480K)
 Metaspace       used 40605K, capacity 42720K, committed 42952K, reserved 1085440K
  class space    used 5632K, capacity 6523K, committed 6604K, reserved 1048576K
}
Event: 2.805 GC heap before
{Heap before GC invocations=7 (full 0):
 garbage-first heap   total 262144K, used 163457K [0x0000000700e00000, 0x0000000800000000)
  region size 1024K, 153 young (156672K), 20 survivors (20480K)
 Metaspace       used 40666K, capacity 42819K, committed 42952K, reserved 1085440K
  class space    used 5637K, capacity 6556K, committed 6604K, reserved 1048576K
}
Event: 2.816 GC heap after
{Heap after GC invocations=8 (full 0):
 garbage-first heap   total 262144K, used 32277K [0x0000000700e00000, 0x0000000800000000)
  region size 1024K, 5 young (5120K), 5 survivors (5120K)
 Metaspace       used 40666K, capacity 42819K, committed 42952K, reserved 1085440K
  class space    used 5637K, capacity 6556K, committed 6604K, reserved 1048576K
}
Event: 2.904 GC heap before
{Heap before GC invocations=8 (full 0):
 garbage-first heap   total 262144K, used 176661K [0x0000000700e00000, 0x0000000800000000)
  region size 1024K, 148 young (151552K), 5 survivors (5120K)
 Metaspace       used 40676K, capacity 42819K, committed 42952K, reserved 1085440K
  class space    used 5637K, capacity 6556K, committed 6604K, reserved 1048576K
}
Event: 2.940 GC heap after
{Heap after GC invocations=9 (full 0):
 garbage-first heap   total 315392K, used 35677K [0x0000000700e00000, 0x0000000800000000)
  region size 1024K, 8 young (8192K), 8 survivors (8192K)
 Metaspace       used 40676K, capacity 42819K, committed 42952K, reserved 1085440K
  class space    used 5637K, capacity 6556K, committed 6604K, reserved 1048576K
}
Event: 3.193 GC heap before
{Heap before GC invocations=9 (full 0):
 garbage-first heap   total 315392K, used 203613K [0x0000000700e00000, 0x0000000800000000)
  region size 1024K, 172 young (176128K), 8 survivors (8192K)
 Metaspace       used 41408K, capacity 43486K, committed 43848K, reserved 1087488K
  class space    used 5699K, capacity 6606K, committed 6732K, reserved 1048576K
}
Event: 3.202 GC heap after
{Heap after GC invocations=10 (full 0):
 garbage-first heap   total 315392K, used 42983K [0x0000000700e00000, 0x0000000800000000)
  region size 1024K, 15 young (15360K), 15 survivors (15360K)
 Metaspace       used 41408K, capacity 43486K, committed 43848K, reserved 1087488K
  class space    used 5699K, capacity 6606K, committed 6732K, reserved 1048576K
}
Event: 3.310 GC heap before
{Heap before GC invocations=10 (full 0):
 garbage-first heap   total 315392K, used 215015K [0x0000000700e00000, 0x0000000800000000)
  region size 1024K, 184 young (188416K), 15 survivors (15360K)
 Metaspace       used 41473K, capacity 43626K, committed 43848K, reserved 1087488K
  class space    used 5703K, capacity 6609K, committed 6732K, reserved 1048576K
}
Event: 3.322 GC heap after
{Heap after GC invocations=11 (full 0):
 garbage-first heap   total 315392K, used 56876K [0x0000000700e00000, 0x0000000800000000)
  region size 1024K, 15 young (15360K), 15 survivors (15360K)
 Metaspace       used 41473K, capacity 43626K, committed 43848K, reserved 1087488K
  class space    used 5703K, capacity 6609K, committed 6732K, reserved 1048576K
}
Event: 3.357 GC heap before
{Heap before GC invocations=11 (full 0):
 garbage-first heap   total 315392K, used 228908K [0x0000000700e00000, 0x0000000800000000)
  region size 1024K, 184 young (188416K), 15 survivors (15360K)
 Metaspace       used 41476K, capacity 43626K, committed 43848K, reserved 1087488K
  class space    used 5703K, capacity 6609K, committed 6732K, reserved 1048576K
}
Event: 3.365 GC heap after
{Heap after GC invocations=12 (full 0):
 garbage-first heap   total 315392K, used 63180K [0x0000000700e00000, 0x0000000800000000)
  region size 1024K, 6 young (6144K), 6 survivors (6144K)
 Metaspace       used 41476K, capacity 43626K, committed 43848K, reserved 1087488K
  class space    used 5703K, capacity 6609K, committed 6732K, reserved 1048576K
}
Event: 3.462 GC heap before
{Heap before GC invocations=12 (full 0):
 garbage-first heap   total 315392K, used 241356K [0x0000000700e00000, 0x0000000800000000)
  region size 1024K, 182 young (186368K), 6 survivors (6144K)
 Metaspace       used 41502K, capacity 43693K, committed 43848K, reserved 1087488K
  class space    used 5706K, capacity 6610K, committed 6732K, reserved 1048576K
}
Event: 3.543 GC heap after
{Heap after GC invocations=13 (full 0):
 garbage-first heap   total 456704K, used 67755K [0x0000000700e00000, 0x0000000800000000)
  region size 1024K, 11 young (11264K), 11 survivors (11264K)
 Metaspace       used 41502K, capacity 43693K, committed 43848K, reserved 1087488K
  class space    used 5706K, capacity 6610K, committed 6732K, reserved 1048576K
}

