# JRE version: OpenJDK Runtime Environment AdoptOpenJDK (11.0.10+9) (build 11.0.10+9)
# Java VM: OpenJDK 64-Bit Server VM AdoptOpenJDK (11.0.10+9, mixed mode, tiered, compressed oops, g1 gc, windows-amd64)
Heap:
 garbage-first heap   total 141312K, used 26202K [0x0000000700e00000, 0x0000000800000000)
  region size 1024K, 2 young (2048K), 1 survivors (1024K)
 Metaspace       used 16564K, capacity 17028K, committed 17280K, reserved 1064960K
  class space    used 1630K, capacity 1808K, committed 1920K, reserved 1048576K
GC Heap History (20 events):
Event: 393.325 GC heap before
{Heap before GC invocations=61 (full 2):
 garbage-first heap   total 141312K, used 62010K [0x0000000700e00000, 0x0000000800000000)
  region size 1024K, 2 young (2048K), 1 survivors (1024K)
 Metaspace       used 16564K, capacity 17028K, committed 17280K, reserved 1064960K
  class space    used 1630K, capacity 1808K, committed 1920K, reserved 1048576K
}
Event: 393.326 GC heap after
{Heap after GC invocations=62 (full 2):
 garbage-first heap   total 141312K, used 6712K [0x0000000700e00000, 0x0000000800000000)
  region size 1024K, 1 young (1024K), 1 survivors (1024K)
 Metaspace       used 16564K, capacity 17028K, committed 17280K, reserved 1064960K
  class space    used 1630K, capacity 1808K, committed 1920K, reserved 1048576K
}
Event: 394.234 GC heap before
{Heap before GC invocations=63 (full 2):
 garbage-first heap   total 141312K, used 62008K [0x0000000700e00000, 0x0000000800000000)
  region size 1024K, 2 young (2048K), 1 survivors (1024K)
 Metaspace       used 16564K, capacity 17028K, committed 17280K, reserved 1064960K
  class space    used 1630K, capacity 1808K, committed 1920K, reserved 1048576K
}
Event: 394.234 GC heap after
{Heap after GC invocations=64 (full 2):
 garbage-first heap   total 141312K, used 6710K [0x0000000700e00000, 0x0000000800000000)
  region size 1024K, 1 young (1024K), 1 survivors (1024K)
 Metaspace       used 16564K, capacity 17028K, committed 17280K, reserved 1064960K
  class space    used 1630K, capacity 1808K, committed 1920K, reserved 1048576K
}
Event: 395.210 GC heap before
{Heap before GC invocations=65 (full 2):
 garbage-first heap   total 141312K, used 62006K [0x0000000700e00000, 0x0000000800000000)
  region size 1024K, 2 young (2048K), 1 survivors (1024K)
 Metaspace       used 16564K, capacity 17028K, committed 17280K, reserved 1064960K
  class space    used 1630K, capacity 1808K, committed 1920K, reserved 1048576K
}
Event: 395.211 GC heap after
{Heap after GC invocations=66 (full 2):
 garbage-first heap   total 141312K, used 6712K [0x0000000700e00000, 0x0000000800000000)
  region size 1024K, 1 young (1024K), 1 survivors (1024K)
 Metaspace       used 16564K, capacity 17028K, committed 17280K, reserved 1064960K
  class space    used 1630K, capacity 1808K, committed 1920K, reserved 1048576K
}
Event: 396.283 GC heap before
{Heap before GC invocations=67 (full 2):
 garbage-first heap   total 141312K, used 62008K [0x0000000700e00000, 0x0000000800000000)
  region size 1024K, 2 young (2048K), 1 survivors (1024K)
 Metaspace       used 16564K, capacity 17028K, committed 17280K, reserved 1064960K
  class space    used 1630K, capacity 1808K, committed 1920K, reserved 1048576K
}
Event: 396.285 GC heap after
{Heap after GC invocations=68 (full 2):
 garbage-first heap   total 141312K, used 6718K [0x0000000700e00000, 0x0000000800000000)
  region size 1024K, 1 young (1024K), 1 survivors (1024K)
 Metaspace       used 16564K, capacity 17028K, committed 17280K, reserved 1064960K
  class space    used 1630K, capacity 1808K, committed 1920K, reserved 1048576K
}
Event: 397.195 GC heap before
{Heap before GC invocations=69 (full 2):
 garbage-first heap   total 141312K, used 62014K [0x0000000700e00000, 0x0000000800000000)
  region size 1024K, 2 young (2048K), 1 survivors (1024K)
 Metaspace       used 16564K, capacity 17028K, committed 17280K, reserved 1064960K
  class space    used 1630K, capacity 1808K, committed 1920K, reserved 1048576K
}
Event: 397.196 GC heap after
{Heap after GC invocations=70 (full 2):
 garbage-first heap   total 141312K, used 6724K [0x0000000700e00000, 0x0000000800000000)
  region size 1024K, 1 young (1024K), 1 survivors (1024K)
 Metaspace       used 16564K, capacity 17028K, committed 17280K, reserved 1064960K
  class space    used 1630K, capacity 1808K, committed 1920K, reserved 1048576K
}
Event: 398.165 GC heap before
{Heap before GC invocations=71 (full 2):
 garbage-first heap   total 141312K, used 62020K [0x0000000700e00000, 0x0000000800000000)
  region size 1024K, 2 young (2048K), 1 survivors (1024K)
 Metaspace       used 16564K, capacity 17028K, committed 17280K, reserved 1064960K
  class space    used 1630K, capacity 1808K, committed 1920K, reserved 1048576K
}
Event: 398.166 GC heap after
{Heap after GC invocations=72 (full 2):
 garbage-first heap   total 141312K, used 6726K [0x0000000700e00000, 0x0000000800000000)
  region size 1024K, 1 young (1024K), 1 survivors (1024K)
 Metaspace       used 16564K, capacity 17028K, committed 17280K, reserved 1064960K
  class space    used 1630K, capacity 1808K, committed 1920K, reserved 1048576K
}
Event: 399.134 GC heap before
{Heap before GC invocations=73 (full 2):
 garbage-first heap   total 141312K, used 62022K [0x0000000700e00000, 0x0000000800000000)
  region size 1024K, 2 young (2048K), 1 survivors (1024K)
 Metaspace       used 16564K, capacity 17028K, committed 17280K, reserved 1064960K
  class space    used 1630K, capacity 1808K, committed 1920K, reserved 1048576K
}
Event: 399.135 GC heap after
{Heap after GC invocations=74 (full 2):
 garbage-first heap   total 141312K, used 6727K [0x0000000700e00000, 0x0000000800000000)
  region size 1024K, 1 young (1024K), 1 survivors (1024K)
 Metaspace       used 16564K, capacity 17028K, committed 17280K, reserved 1064960K
  class space    used 1630K, capacity 1808K, committed 1920K, reserved 1048576K
}
Event: 400.008 GC heap before
{Heap before GC invocations=75 (full 2):
 garbage-first heap   total 141312K, used 62023K [0x0000000700e00000, 0x0000000800000000)
  region size 1024K, 2 young (2048K), 1 survivors (1024K)
 Metaspace       used 16564K, capacity 17028K, committed 17280K, reserved 1064960K
  class space    used 1630K, capacity 1808K, committed 1920K, reserved 1048576K
}
Event: 400.009 GC heap after
{Heap after GC invocations=76 (full 2):
 garbage-first heap   total 141312K, used 6735K [0x0000000700e00000, 0x0000000800000000)
  region size 1024K, 1 young (1024K), 1 survivors (1024K)
 Metaspace       used 16564K, capacity 17028K, committed 17280K, reserved 1064960K
  class space    used 1630K, capacity 1808K, committed 1920K, reserved 1048576K
}
Event: 400.912 GC heap before
{Heap before GC invocations=77 (full 2):
 garbage-first heap   total 141312K, used 62031K [0x0000000700e00000, 0x0000000800000000)
  region size 1024K, 2 young (2048K), 1 survivors (1024K)
 Metaspace       used 16564K, capacity 17028K, committed 17280K, reserved 1064960K
  class space    used 1630K, capacity 1808K, committed 1920K, reserved 1048576K
}
Event: 400.913 GC heap after
{Heap after GC invocations=78 (full 2):
 garbage-first heap   total 141312K, used 6740K [0x0000000700e00000, 0x0000000800000000)
  region size 1024K, 1 young (1024K), 1 survivors (1024K)
 Metaspace       used 16564K, capacity 17028K, committed 17280K, reserved 1064960K
  class space    used 1630K, capacity 1808K, committed 1920K, reserved 1048576K
}
Event: 401.878 GC heap before
{Heap before GC invocations=79 (full 2):
 garbage-first heap   total 141312K, used 62036K [0x0000000700e00000, 0x0000000800000000)
  region size 1024K, 2 young (2048K), 1 survivors (1024K)
 Metaspace       used 16564K, capacity 17028K, committed 17280K, reserved 1064960K
  class space    used 1630K, capacity 1808K, committed 1920K, reserved 1048576K
}
Event: 401.879 GC heap after
{Heap after GC invocations=80 (full 2):
 garbage-first heap   total 141312K, used 6746K [0x0000000700e00000, 0x0000000800000000)
  region size 1024K, 1 young (1024K), 1 survivors (1024K)
 Metaspace       used 16564K, capacity 17028K, committed 17280K, reserved 1064960K
  class space    used 1630K, capacity 1808K, committed 1920K, reserved 1048576K
}

